<?xml version="1.0" encoding="utf-8"?><testsuites name="pytest tests"><testsuite name="pytest" errors="0" failures="0" skipped="0" tests="48" time="0.455" timestamp="2026-07-10T17:03:24.492675+08:00" hostname="DESKTOP-BIU0HR6"><testcase classname="tests.test_asr.TestASRConstants" name="test_max_file_size" time="0.241" /><testcase classname="tests.test_asr.TestASRConstants" name="test_max_duration" time="0.000" /><testcase classname="tests.test_asr.TestASRConstants" name="test_supported_mime_types" time="0.000" /><testcase classname="tests.test_asr.TestASRConstants" name="test_mock_transcripts_not_empty" time="0.000" /><testcase classname="tests.test_asr.TestWAVParsing" name="test_parse_valid_wav_header" time="0.000" /><testcase classname="tests.test_asr.TestWAVParsing" name="test_parse_non_wav_data" time="0.000" /><testcase classname="tests.test_asr.TestWAVParsing" name="test_parse_too_short_data" time="0.000" /><testcase classname="tests.test_asr.TestErrorResponse" name="test_error_response_format" time="0.000" /><testcase classname="tests.test_asr.TestASREndpoint" name="test_transcriptions_health" time="0.076" /><testcase classname="tests.test_asr.TestASREndpoint" name="test_transcriptions_no_file" time="0.006" /><testcase classname="tests.test_asr.TestASREndpoint" name="test_transcriptions_with_mock_audio" time="0.006" /><testcase classname="tests.test_nlu_rules.TestDeviceMatching" name="test_exact_name_match" time="0.007" /><testcase classname="tests.test_nlu_rules.TestDeviceMatching" name="test_device_type_keyword_match" time="0.000" /><testcase classname="tests.test_nlu_rules.TestDeviceMatching" name="test_room_and_type_match" time="0.000" /><testcase classname="tests.test_nlu_rules.TestDeviceMatching" name="test_no_match_returns_none" time="0.000" /><testcase classname="tests.test_nlu_rules.TestDeviceMatching" name="test_room_priority_over_type" time="0.000" /><testcase classname="tests.test_nlu_rules.TestBatchDeviceMatching" name="test_find_all_lights" time="0.000" /><testcase classname="tests.test_nlu_rules.TestBatchDeviceMatching" name="test_find_only_room_lights" time="0.000" /><testcase classname="tests.test_nlu_rules.TestNumberExtraction" name="test_extract_temperature" time="0.000" /><testcase classname="tests.test_nlu_rules.TestNumberExtraction" name="test_extract_percentage" time="0.000" /><testcase classname="tests.test_nlu_rules.TestNumberExtraction" name="test_extract_decimal" time="0.000" /><testcase classname="tests.test_nlu_rules.TestCommandRecognition" name="test_turn_on_keywords" time="0.000" /><testcase classname="tests.test_nlu_rules.TestCommandRecognition" name="test_turn_off_keywords" time="0.000" /><testcase classname="tests.test_nlu_rules.TestCommandRecognition" name="test_batch_target_keywords" time="0.000" /><testcase classname="tests.test_nlu_rules.TestInterpretEndpoint" name="test_interpret_simple_turn_on" time="0.006" /><testcase classname="tests.test_nlu_rules.TestInterpretEndpoint" name="test_interpret_temperature_adjust" time="0.004" /><testcase classname="tests.test_nlu_rules.TestInterpretEndpoint" name="test_interpret_scene_trigger" time="0.003" /><testcase classname="tests.test_nlu_rules.TestInterpretEndpoint" name="test_interpret_unclear_intent" time="0.004" /><testcase classname="tests.test_nlu_rules.TestInterpretEndpoint" name="test_interpret_multi_action" time="0.004" /><testcase classname="tests.test_nlu_rules.TestInterpretEndpoint" name="test_interpret_batch_lights" time="0.005" /><testcase classname="tests.test_nlu_rules.TestInterpretEndpoint" name="test_interpret_unbound_device_rejected" time="0.004" /><testcase classname="tests.test_nlu_rules.TestLLMEngine" name="test_build_devices_json" time="0.000" /><testcase classname="tests.test_nlu_rules.TestLLMEngine" name="test_build_devices_json_empty" time="0.000" /><testcase classname="tests.test_nlu_rules.TestLLMEngine" name="test_system_prompt_contains_markers" time="0.000" /><testcase classname="tests.test_nlu_rules.TestLLMEngine" name="test_deepseek_config_defaults" time="0.000" /><testcase classname="tests.test_tts.TestTTSModels" name="test_synthesize_request_defaults" time="0.003" /><testcase classname="tests.test_tts.TestTTSModels" name="test_synthesize_request_custom_voice" time="0.000" /><testcase classname="tests.test_tts.TestTTSModels" name="test_synthesize_response_structure" time="0.000" /><testcase classname="tests.test_tts.TestContentTypeMapping" name="test_mp3_mapping" time="0.000" /><testcase classname="tests.test_tts.TestContentTypeMapping" name="test_wav_mapping" time="0.000" /><testcase classname="tests.test_tts.TestContentTypeMapping" name="test_ogg_mapping" time="0.000" /><testcase classname="tests.test_tts.TestContentTypeMapping" name="test_unknown_format_fallback" time="0.000" /><testcase classname="tests.test_tts.TestAudioCleanup" name="test_cleanup_empty_directory" time="0.001" /><testcase classname="tests.test_tts.TestAudioCleanup" name="test_cleanup_expired_files" time="0.001" /><testcase classname="tests.test_tts.TestAudioCleanup" name="test_cleanup_skips_non_audio" time="0.001" /><testcase classname="tests.test_tts.TestTTSHealthEndpoint" name="test_health_check" time="0.004" /><testcase classname="tests.test_tts.TestFallbackSynthesize" name="test_fallback_with_empty_text" time="0.001" /><testcase classname="tests.test_tts.TestFallbackSynthesize" name="test_fallback_with_text" time="0.001" /></testsuite></testsuites>