<?xml version="1.0" encoding="utf-8"?><testsuites name="pytest tests"><testsuite name="pytest" errors="0" failures="0" skipped="0" tests="93" time="30.879" timestamp="2026-07-10T17:02:42.623602+08:00" hostname="DESKTOP-BIU0HR6"><testcase classname="tests.test_api.TestHealthEndpoint" name="test_health_returns_ok" time="0.064" /><testcase classname="tests.test_api.TestDashboardAPI" name="test_dashboard_returns_structure" time="0.006" /><testcase classname="tests.test_api.TestDashboardAPI" name="test_dashboard_summary_fields" time="0.004" /><testcase classname="tests.test_api.TestDevicesAPI" name="test_list_devices_empty" time="0.005" /><testcase classname="tests.test_api.TestDevicesAPI" name="test_discover_devices" time="0.006" /><testcase classname="tests.test_api.TestDevicesAPI" name="test_get_raw_devices" time="0.005" /><testcase classname="tests.test_api.TestDevicesAPI" name="test_get_device_not_found" time="0.004" /><testcase classname="tests.test_api.TestDevicesAPI" name="test_bind_device_validation" time="0.005" /><testcase classname="tests.test_api.TestDevicesAPI" name="test_get_device_state" time="0.005" /><testcase classname="tests.test_api.TestDevicesAPI" name="test_get_command_count" time="0.005" /><testcase classname="tests.test_api.TestDevicesAPI" name="test_get_command_schema" time="0.005" /><testcase classname="tests.test_api.TestDevicesAPI" name="test_execute_device_command" time="0.006" /><testcase classname="tests.test_api.TestScenesAPI" name="test_list_scenes" time="0.005" /><testcase classname="tests.test_api.TestScenesAPI" name="test_create_scene_without_devices" time="0.005" /><testcase classname="tests.test_api.TestScenesAPI" name="test_delete_builtin_scene_fails" time="0.005" /><testcase classname="tests.test_api.TestScenesAPI" name="test_execute_nonexistent_scene" time="0.004" /><testcase classname="tests.test_api.TestScenesAPI" name="test_natural_scene_requires_text" time="15.095" /><testcase classname="tests.test_api.TestAssistantAPI" name="test_message_empty_text" time="0.008" /><testcase classname="tests.test_api.TestAssistantAPI" name="test_message_with_text" time="15.098" /><testcase classname="tests.test_api.TestAssistantAPI" name="test_voice_without_file" time="0.008" /><testcase classname="tests.test_api.TestCORS" name="test_cors_headers_present" time="0.004" /><testcase classname="tests.test_api.TestCORS" name="test_cors_on_get" time="0.004" /><testcase classname="tests.test_device_hub.TestDeviceConnection" name="test_init_stores_reader_writer" time="0.000" /><testcase classname="tests.test_device_hub.TestDeviceConnection" name="test_close_calls_writer_close" time="0.001" /><testcase classname="tests.test_device_hub.TestDeviceConnection" name="test_send_recv_exchanges_data" time="0.002" /><testcase classname="tests.test_device_hub.TestDeviceConnection" name="test_send_recv_handles_disconnect" time="0.001" /><testcase classname="tests.test_device_hub.TestDeviceConnection" name="test_read_registration" time="0.001" /><testcase classname="tests.test_device_hub.TestDeviceHub" name="test_init_creates_empty_registry" time="0.000" /><testcase classname="tests.test_device_hub.TestDeviceHub" name="test_list_devices_empty" time="0.000" /><testcase classname="tests.test_device_hub.TestDeviceHub" name="test_list_devices_with_registered" time="0.000" /><testcase classname="tests.test_device_hub.TestDeviceHub" name="test_send_command_device_not_connected" time="0.001" /><testcase classname="tests.test_device_hub.TestDeviceHub" name="test_send_command_to_connected_device" time="0.001" /><testcase classname="tests.test_device_hub.TestDeviceHub" name="test_send_command_handles_disconnect" time="0.001" /><testcase classname="tests.test_device_hub.TestDeviceHub" name="test_get_command_count" time="0.000" /><testcase classname="tests.test_device_hub.TestDeviceHub" name="test_get_command_count_unknown_device" time="0.000" /><testcase classname="tests.test_device_hub.TestDeviceHub" name="test_get_command_schema" time="0.000" /><testcase classname="tests.test_device_hub.TestDeviceHub" name="test_get_command_schema_unknown_command" time="0.000" /><testcase classname="tests.test_device_hub.TestDeviceHubTCP" name="test_hub_host_and_port" time="0.000" /><testcase classname="tests.test_device_hub.TestDeviceHubTCP" name="test_hub_default_port" time="0.000" /><testcase classname="tests.test_orchestrator.TestStatePersistence" name="test_load_empty_state_when_file_missing" time="0.000" /><testcase classname="tests.test_orchestrator.TestStatePersistence" name="test_save_and_load_state" time="0.001" /><testcase classname="tests.test_orchestrator.TestStatePersistence" name="test_default_state_structure" time="0.000" /><testcase classname="tests.test_orchestrator.TestDeviceDiscovery" name="test_discover_returns_empty_when_no_registry" time="0.001" /><testcase classname="tests.test_orchestrator.TestDeviceDiscovery" name="test_discover_filters_bound_devices" time="0.001" /><testcase classname="tests.test_orchestrator.TestDeviceDiscovery" name="test_discover_device_has_required_fields" time="0.001" /><testcase classname="tests.test_orchestrator.TestDeviceBinding" name="test_bind_device_success" time="0.001" /><testcase classname="tests.test_orchestrator.TestDeviceBinding" name="test_bind_duplicate_device_raises_409" time="0.001" /><testcase classname="tests.test_orchestrator.TestDeviceBinding" name="test_bind_offline_device_raises_404" time="0.002" /><testcase classname="tests.test_orchestrator.TestDeviceBinding" name="test_bind_unknown_device_raises_404" time="0.001" /><testcase classname="tests.test_orchestrator.TestDeviceUpdate" name="test_update_device_name" time="0.001" /><testcase classname="tests.test_orchestrator.TestDeviceUpdate" name="test_update_device_room" time="0.001" /><testcase classname="tests.test_orchestrator.TestDeviceUpdate" name="test_update_unbound_device_raises_404" time="0.001" /><testcase classname="tests.test_orchestrator.TestDeviceRemoval" name="test_remove_device_success" time="0.001" /><testcase classname="tests.test_orchestrator.TestDeviceRemoval" name="test_remove_unbound_device_raises_404" time="0.023" /><testcase classname="tests.test_orchestrator.TestDeviceTypeMeta" name="test_all_device_types_have_required_fields" time="0.000" /><testcase classname="tests.test_orchestrator.TestDeviceTypeMeta" name="test_air_conditioner_commands" time="0.000" /><testcase classname="tests.test_orchestrator.TestDeviceTypeMeta" name="test_light_commands" time="0.000" /><testcase classname="tests.test_orchestrator.TestDeviceTypeMeta" name="test_device_count_is_10" time="0.000" /><testcase classname="tests.test_orchestrator.TestParamCoercion" name="test_coerce_integer_param_in_range" time="0.000" /><testcase classname="tests.test_orchestrator.TestParamCoercion" name="test_coerce_integer_param_clamped_max" time="0.000" /><testcase classname="tests.test_orchestrator.TestParamCoercion" name="test_coerce_integer_param_clamped_min" time="0.000" /><testcase classname="tests.test_orchestrator.TestParamCoercion" name="test_coerce_string_param_valid" time="0.000" /><testcase classname="tests.test_orchestrator.TestParamCoercion" name="test_coerce_string_param_invalid_raises" time="0.000" /><testcase classname="tests.test_orchestrator.TestParamCoercion" name="test_coerce_missing_required_param_raises" time="0.000" /><testcase classname="tests.test_orchestrator.TestParamCoercion" name="test_coerce_unknown_command_raises" time="0.000" /><testcase classname="tests.test_orchestrator.TestSceneManagement" name="test_list_scenes_includes_builtin" time="0.001" /><testcase classname="tests.test_orchestrator.TestSceneManagement" name="test_builtin_scenes_have_required_fields" time="0.001" /><testcase classname="tests.test_orchestrator.TestSceneManagement" name="test_create_scene_success" time="0.001" /><testcase classname="tests.test_orchestrator.TestSceneManagement" name="test_create_scene_with_unbound_device_raises" time="0.001" /><testcase classname="tests.test_orchestrator.TestSceneManagement" name="test_delete_builtin_scene_raises" time="0.001" /><testcase classname="tests.test_orchestrator.TestSceneManagement" name="test_delete_user_scene_success" time="0.001" /><testcase classname="tests.test_orchestrator.TestCommandPlanning" name="test_turn_on_before_params_before_turn_off" time="0.000" /><testcase classname="tests.test_orchestrator.TestCommandPlanning" name="test_scene_action_preserves_order" time="0.000" /><testcase classname="tests.test_orchestrator.TestTypeInference" name="test_type_from_id_ac" time="0.000" /><testcase classname="tests.test_orchestrator.TestTypeInference" name="test_type_from_id_light" time="0.000" /><testcase classname="tests.test_orchestrator.TestTypeInference" name="test_type_from_id_tv" time="0.000" /><testcase classname="tests.test_orchestrator.TestTypeInference" name="test_type_from_id_fridge" time="0.000" /><testcase classname="tests.test_orchestrator.TestTypeInference" name="test_type_from_id_washer" time="0.000" /><testcase classname="tests.test_orchestrator.TestTypeInference" name="test_type_from_id_heater" time="0.000" /><testcase classname="tests.test_orchestrator.TestTypeInference" name="test_type_from_id_purifier" time="0.000" /><testcase classname="tests.test_orchestrator.TestTypeInference" name="test_type_from_id_curtain" time="0.000" /><testcase classname="tests.test_orchestrator.TestTypeInference" name="test_type_from_id_socket" time="0.000" /><testcase classname="tests.test_orchestrator.TestTypeInference" name="test_type_from_id_robot" time="0.000" /><testcase classname="tests.test_orchestrator.TestTypeInference" name="test_type_from_unknown_id" time="0.000" /><testcase classname="tests.test_schemas.TestCommandRequest" name="test_create_with_required_fields" time="0.000" /><testcase classname="tests.test_schemas.TestCommandRequest" name="test_create_with_params" time="0.000" /><testcase classname="tests.test_schemas.TestCommandRequest" name="test_missing_command_raises_error" time="0.000" /><testcase classname="tests.test_schemas.TestCommandRequest" name="test_params_defaults_to_empty_dict" time="0.000" /><testcase classname="tests.test_schemas.TestCommandRequest" name="test_command_with_complex_params" time="0.000" /><testcase classname="tests.test_schemas.TestCommandResponse" name="test_default_values" time="0.000" /><testcase classname="tests.test_schemas.TestCommandResponse" name="test_success_response" time="0.000" /><testcase classname="tests.test_schemas.TestCommandResponse" name="test_failure_response" time="0.000" /><testcase classname="tests.test_schemas.TestCommandResponse" name="test_state_is_optional" time="0.000" /></testsuite></testsuites>