<?xml version="1.0" encoding="utf-8"?><testsuites name="pytest tests"><testsuite name="pytest" errors="0" failures="0" skipped="0" tests="11" time="15.542" timestamp="2026-07-10T17:03:34.304200+08:00" hostname="DESKTOP-BIU0HR6"><testcase classname="tests.integration.test_e2e_flow.TestDeviceFlowHTTP" name="test_full_device_lifecycle" time="0.300" /><testcase classname="tests.integration.test_e2e_flow.TestDeviceFlowHTTP" name="test_duplicate_binding_rejected" time="0.007" /><testcase classname="tests.integration.test_e2e_flow.TestDeviceFlowHTTP" name="test_control_offline_device" time="0.007" /><testcase classname="tests.integration.test_e2e_flow.TestDeviceFlowHTTP" name="test_parameter_validation" time="0.008" /><testcase classname="tests.integration.test_e2e_flow.TestSceneFlowHTTP" name="test_list_scenes_includes_builtins" time="0.014" /><testcase classname="tests.integration.test_e2e_flow.TestSceneFlowHTTP" name="test_create_and_execute_scene" time="0.021" /><testcase classname="tests.integration.test_e2e_flow.TestSceneFlowHTTP" name="test_delete_builtin_scene_fails" time="0.013" /><testcase classname="tests.integration.test_e2e_flow.TestSceneFlowHTTP" name="test_execute_nonexistent_scene_fails" time="0.014" /><testcase classname="tests.integration.test_e2e_flow.TestDashboardFlowHTTP" name="test_dashboard_empty_state" time="0.004" /><testcase classname="tests.integration.test_e2e_flow.TestAssistantFlowHTTP" name="test_empty_text_rejected" time="0.003" /><testcase classname="tests.integration.test_e2e_flow.TestAssistantFlowHTTP" name="test_text_assistant_without_ai" time="15.059" /></testsuite></testsuites>